Arguments: 
  C:\Program Files\nodejs\node.exe C:\Users\jsh00\AppData\Roaming\npm\node_modules\yarn\bin\yarn.js add svelte-scrolling

PATH: 
  C:\Python27\;C:\Python27\Scripts;C:\Windows\system32;C:\Windows;C:\Windows\System32\Wbem;C:\Windows\System32\WindowsPowerShell\v1.0\;C:\Windows\System32\OpenSSH\;C:\Program Files\Bandizip\;C:\Program Files (x86)\NVIDIA Corporation\PhysX\Common;C:\Program Files\NVIDIA Corporation\NVIDIA NvDLISR;C:\ProgramData\chocolatey\bin;C:\Program Files\nodejs\;C:\Program Files\Java\jdk1.8.0_211\bin;C:\Program Files\Git\cmd;C:\WINDOWS\system32;C:\WINDOWS;C:\WINDOWS\System32\Wbem;C:\WINDOWS\System32\WindowsPowerShell\v1.0\;C:\WINDOWS\System32\OpenSSH\;C:\Users\jsh00\AppData\Local\Microsoft\WindowsApps;;C:\Users\jsh00\AppData\Local\Programs\Microsoft VS Code\bin;C:\Users\jsh00\AppData\Roaming\npm

Yarn version: 
  1.22.18

Node version: 
  17.7.2

Platform: 
  win32 x64

Trace: 
  Error: EPERM: operation not permitted, unlink 'C:\code\first-birth\node_modules\esbuild-windows-64\esbuild.exe'

npm manifest: 
  {
    "name": "first-birth",
    "private": true,
    "version": "0.0.0",
    "type": "module",
    "scripts": {
      "dev": "vite",
      "build": "vite build",
      "preview": "vite preview"
    },
    "devDependencies": {
      "@sveltejs/vite-plugin-svelte": "^1.0.0-next.30",
      "svelte": "^3.44.0",
      "vite": "^2.9.9"
    }
  }

yarn manifest: 
  No manifest

Lockfile: 
  No lockfile
